2012-09-30 22:26:26 [INFO] Starting minecraft server version 1.3.2
2012-09-30 22:26:26 [INFO] Loading properties
2012-09-30 22:26:26 [WARNING] server.properties does not exist
2012-09-30 22:26:26 [INFO] Generating new properties file
2012-09-30 22:26:26 [INFO] Default game type: SURVIVAL
2012-09-30 22:26:26 [INFO] Generating keypair
2012-09-30 22:26:27 [INFO] Starting Minecraft server on *:25565
2012-09-30 22:26:27 [INFO] This server is running CraftBukkit version git-Bukkit-1.3.2-R1.0-b2377jnks (MC: 1.3.2) (Implementing API version 1.3.2-R1.0)
2012-09-30 22:26:27 [WARNING] Failed to load operators list: java.io.FileNotFoundException: ./ops.txt (No such file or directory)
2012-09-30 22:26:27 [WARNING] Failed to load white-list: java.io.FileNotFoundException: ./white-list.txt (No such file or directory)
2012-09-30 22:26:27 [INFO] Preparing level "world"
2012-09-30 22:26:27 [INFO] Preparing start region for level 0 (Seed: -1677287027739395156)
2012-09-30 22:26:28 [INFO] Preparing spawn area: 4%
2012-09-30 22:26:29 [INFO] Preparing spawn area: 16%
2012-09-30 22:26:30 [INFO] Preparing spawn area: 24%
2012-09-30 22:26:31 [INFO] Preparing spawn area: 36%
2012-09-30 22:26:32 [INFO] Preparing spawn area: 44%
2012-09-30 22:26:33 [INFO] Preparing spawn area: 52%
2012-09-30 22:26:34 [INFO] Preparing spawn area: 61%
2012-09-30 22:26:35 [INFO] Preparing spawn area: 73%
2012-09-30 22:26:36 [INFO] Preparing spawn area: 81%
2012-09-30 22:28:54 [INFO] Starting minecraft server version 1.3.2
2012-09-30 22:28:54 [INFO] Loading properties
2012-09-30 22:28:54 [INFO] Default game type: SURVIVAL
2012-09-30 22:28:54 [INFO] Generating keypair
2012-09-30 22:28:54 [INFO] Starting Minecraft server on *:25565
2012-09-30 22:28:55 [INFO] This server is running CraftBukkit version git-Bukkit-1.3.2-R1.0-b2377jnks (MC: 1.3.2) (Implementing API version 1.3.2-R1.0)
2012-09-30 22:28:55 [INFO] Preparing level "world"
2012-09-30 22:28:55 [INFO] Preparing start region for level 0 (Seed: -934890016)
2012-09-30 22:28:56 [INFO] Preparing spawn area: 4%
2012-09-30 22:28:57 [INFO] Preparing spawn area: 8%
2012-09-30 22:28:58 [INFO] Preparing spawn area: 16%
2012-09-30 22:28:59 [INFO] Preparing spawn area: 24%
2012-09-30 22:29:00 [INFO] Preparing spawn area: 32%
2012-09-30 22:29:01 [INFO] Preparing spawn area: 44%
2012-09-30 22:29:02 [INFO] Preparing spawn area: 56%
2012-09-30 22:29:03 [INFO] Preparing spawn area: 69%
2012-09-30 22:29:04 [INFO] Preparing spawn area: 81%
2012-09-30 22:29:05 [INFO] Preparing spawn area: 93%
2012-09-30 22:29:05 [INFO] Preparing start region for level 1 (Seed: -934890016)
2012-09-30 22:29:06 [INFO] Preparing spawn area: 8%
2012-09-30 22:29:07 [INFO] Preparing spawn area: 16%
2012-09-30 22:29:08 [INFO] Preparing spawn area: 32%
2012-09-30 22:29:09 [INFO] Preparing spawn area: 40%
2012-09-30 22:29:10 [INFO] Preparing spawn area: 57%
2012-09-30 22:29:11 [INFO] Preparing spawn area: 73%
2012-09-30 22:29:12 [INFO] Preparing spawn area: 89%
2012-09-30 22:29:13 [INFO] Preparing spawn area: 93%
2012-09-30 22:29:14 [INFO] Preparing start region for level 2 (Seed: -934890016)
2012-09-30 22:29:14 [INFO] Preparing spawn area: 24%
2012-09-30 22:29:15 [INFO] Preparing spawn area: 65%
2012-09-30 22:29:16 [INFO] Done (21.606s)! For help, type "help" or "?"
2012-09-30 22:29:57 [INFO] ktngo09[/192.168.1.114:41809] logged in with entity id 5860 at ([world] 148.5, 63.62000000476837, 243.5)
2012-09-30 22:30:57 [INFO] Read timed out
2012-09-30 22:30:57 [INFO] ktngo09 lost connection: disconnect.endOfStream
2012-09-30 22:31:46 [INFO] ktngo09[/192.168.1.114:41818] logged in with entity id 6690 at ([world] 151.30000001192093, 67.0, 236.33190529838944)
