2012-09-30 22:34:51 [INFO] Starting minecraft server version 1.3.2
2012-09-30 22:34:51 [INFO] Loading properties
2012-09-30 22:34:51 [WARNING] server.properties does not exist
2012-09-30 22:34:51 [INFO] Generating new properties file
2012-09-30 22:34:51 [INFO] Default game type: SURVIVAL
2012-09-30 22:34:51 [INFO] Generating keypair
2012-09-30 22:34:51 [INFO] Starting Minecraft server on *:25565
2012-09-30 22:34:51 [WARNING] **** FAILED TO BIND TO PORT!
2012-09-30 22:34:51 [WARNING] The exception was: java.net.BindException: Address already in use
2012-09-30 22:34:51 [WARNING] Perhaps a server is already running on that port?
2012-09-30 22:35:04 [INFO] Stopping server
2012-09-30 22:35:04 [INFO] Saving worlds
2012-09-30 22:35:37 [INFO] Starting minecraft server version 1.3.2
2012-09-30 22:35:37 [INFO] Loading properties
2012-09-30 22:35:37 [INFO] Default game type: SURVIVAL
2012-09-30 22:35:37 [INFO] Generating keypair
2012-09-30 22:35:38 [INFO] Starting Minecraft server on *:33333
2012-09-30 22:35:38 [INFO] This server is running CraftBukkit version git-Bukkit-1.3.2-R1.0-b2377jnks (MC: 1.3.2) (Implementing API version 1.3.2-R1.0)
2012-09-30 22:35:38 [WARNING] Failed to load operators list: java.io.FileNotFoundException: ./ops.txt (No such file or directory)
2012-09-30 22:35:38 [WARNING] Failed to load white-list: java.io.FileNotFoundException: ./white-list.txt (No such file or directory)
2012-09-30 22:35:38 [INFO] Preparing level "world"
2012-09-30 22:35:38 [INFO] Preparing start region for level 0 (Seed: 1563384144993641968)
2012-09-30 22:35:39 [INFO] Preparing spawn area: 4%
2012-09-30 22:35:40 [INFO] Preparing spawn area: 12%
2012-09-30 22:35:41 [INFO] Preparing spawn area: 24%
2012-09-30 22:35:42 [INFO] Preparing spawn area: 36%
2012-09-30 22:35:43 [INFO] Preparing spawn area: 48%
2012-09-30 22:35:44 [INFO] Preparing spawn area: 57%
2012-09-30 22:35:45 [INFO] Preparing spawn area: 69%
2012-09-30 22:35:46 [INFO] Preparing spawn area: 77%
2012-09-30 22:35:48 [INFO] Preparing spawn area: 85%
2012-09-30 22:35:49 [INFO] Preparing spawn area: 97%
2012-09-30 22:35:49 [INFO] Preparing start region for level 1 (Seed: 1563384144993641968)
2012-09-30 22:35:50 [INFO] Preparing spawn area: 8%
2012-09-30 22:35:51 [INFO] Preparing spawn area: 24%
2012-09-30 22:35:52 [INFO] Preparing spawn area: 32%
2012-09-30 22:35:53 [INFO] Preparing spawn area: 44%
2012-09-30 22:35:54 [INFO] Preparing spawn area: 48%
2012-09-30 22:35:55 [INFO] Preparing spawn area: 61%
2012-09-30 22:35:56 [INFO] Preparing spawn area: 77%
2012-09-30 22:35:57 [INFO] Preparing spawn area: 89%
2012-09-30 22:35:57 [INFO] Preparing start region for level 2 (Seed: 1563384144993641968)
2012-09-30 22:35:58 [INFO] Preparing spawn area: 16%
2012-09-30 22:35:59 [INFO] Preparing spawn area: 57%
2012-09-30 22:36:00 [INFO] Done (21.775s)! For help, type "help" or "?"
2012-09-30 22:36:10 [INFO] Unknown command. Type "help" for help.[m
2012-09-30 22:36:11 [INFO] Unknown command. Type "help" for help.[m
2012-09-30 22:36:25 [INFO] You can only perform this command as a player[m
2012-09-30 22:36:26 [INFO] CONSOLE: Stopping the server..[m
2012-09-30 22:36:26 [INFO] Stopping server
2012-09-30 22:36:26 [INFO] Saving players
2012-09-30 22:36:26 [WARNING] DSCT: Socket closed
2012-09-30 22:36:26 [INFO] Saving worlds
2012-09-30 22:36:26 [INFO] Closing listening thread
2012-09-30 22:36:26 [INFO] Saving chunks for level 'world'/Overworld
2012-09-30 22:36:27 [INFO] Saving chunks for level 'world_nether'/Nether
2012-09-30 22:36:29 [INFO] Saving chunks for level 'world_the_end'/The End
2012-09-30 22:36:30 [INFO] Stopping server
2012-09-30 22:36:30 [INFO] Saving players
2012-09-30 22:36:30 [INFO] Saving worlds
2012-09-30 22:36:30 [INFO] Saving chunks for level 'world'/Overworld
2012-09-30 22:36:30 [INFO] Saving chunks for level 'world_nether'/Nether
2012-09-30 22:36:30 [INFO] Saving chunks for level 'world_the_end'/The End
2012-09-30 22:38:08 [INFO] Starting minecraft server version 1.3.2
2012-09-30 22:38:08 [INFO] Loading properties
2012-09-30 22:38:08 [INFO] Default game type: SURVIVAL
2012-09-30 22:38:08 [INFO] Generating keypair
2012-09-30 22:38:09 [INFO] Starting Minecraft server on *:33333
2012-09-30 22:38:09 [WARNING] **** SERVER IS RUNNING IN OFFLINE/INSECURE MODE!
2012-09-30 22:38:09 [WARNING] The server will make no attempt to authenticate usernames. Beware.
2012-09-30 22:38:09 [WARNING] While this makes the game possible to play without internet access, it also opens up the ability for hackers to connect with any username they choose.
2012-09-30 22:38:09 [WARNING] To change this, set "online-mode" to "true" in the server.properties file.
2012-09-30 22:38:09 [INFO] This server is running CraftBukkit version git-Bukkit-1.3.2-R1.0-b2377jnks (MC: 1.3.2) (Implementing API version 1.3.2-R1.0)
2012-09-30 22:38:09 [INFO] Preparing level "world"
2012-09-30 22:38:10 [INFO] Preparing start region for level 0 (Seed: 885331534)
2012-09-30 22:38:11 [INFO] Preparing spawn area: 8%
2012-09-30 22:38:12 [INFO] Preparing spawn area: 20%
2012-09-30 22:38:13 [INFO] Preparing spawn area: 32%
2012-09-30 22:38:14 [INFO] Preparing spawn area: 44%
2012-09-30 22:38:15 [INFO] Preparing spawn area: 57%
2012-09-30 22:38:16 [INFO] Preparing spawn area: 73%
2012-09-30 22:38:17 [INFO] Preparing spawn area: 89%
2012-09-30 22:38:17 [INFO] Preparing start region for level 1 (Seed: 885331534)
2012-09-30 22:38:18 [INFO] Preparing spawn area: 0%
2012-09-30 22:38:19 [INFO] Preparing spawn area: 16%
2012-09-30 22:38:20 [INFO] Preparing spawn area: 28%
2012-09-30 22:38:21 [INFO] Preparing spawn area: 40%
2012-09-30 22:38:22 [INFO] Preparing spawn area: 56%
2012-09-30 22:38:23 [INFO] Preparing spawn area: 69%
2012-09-30 22:38:24 [INFO] Preparing spawn area: 81%
2012-09-30 22:38:25 [INFO] Preparing spawn area: 93%
2012-09-30 22:38:26 [INFO] Preparing start region for level 2 (Seed: 885331534)
2012-09-30 22:38:26 [INFO] Preparing spawn area: 12%
2012-09-30 22:38:27 [INFO] Preparing spawn area: 52%
2012-09-30 22:38:28 [INFO] Preparing spawn area: 97%
2012-09-30 22:38:28 [INFO] Server permissions file permissions.yml is empty, ignoring it
2012-09-30 22:38:28 [INFO] Done (18.905s)! For help, type "help" or "?"
